<?xml version="1.0" encoding="UTF-8"?>
<testsuite name="EncryptDecryptTest" tests="1" skipped="0" failures="0" errors="0" timestamp="2026-06-12T14:00:58.244Z" hostname="dhcp-10-101-50-161.wireless.northwestern.private" time="0.04">
  <properties/>
  <testcase name="start" classname="EncryptDecryptTest" time="0.04"/>
  <system-out><![CDATA[?[1;31m
Start test 1?[0m
> welcome to hyperskill
> 5
?[1;31m
Start test 2?[0m
> treasure
> 10
?[1;31m
Start test 3?[0m
> qdvdqvrxqwxrxwpvrxspvxiqgdiqarairpbiqqid
> 12
?[1;31m
Start test 4?[0m
> y
> 10
]]></system-out>
  <system-err><![CDATA[]]></system-err>
</testsuite>
