<?xml version="1.0" encoding="UTF-8"?>
<testsuite name="EncryptDecryptTest" tests="1" skipped="0" failures="0" errors="0" timestamp="2026-06-15T16:31:15.554Z" hostname="dhcp-10-105-215-245.wireless.northwestern.private" time="0.042">
  <properties/>
  <testcase name="start" classname="EncryptDecryptTest" time="0.042"/>
  <system-out><![CDATA[?[1;31m
Start test 1?[0m
?[1;31m
Start test 2?[0m
?[1;31m
Start test 3?[0m
?[1;31m
Start test 4?[0m
?[1;31m
Start test 5?[0m
?[1;31m
Start test 6?[0m
]]></system-out>
  <system-err><![CDATA[]]></system-err>
</testsuite>
